4/23/2019 3:00:58 PM -> Object reference not set to an instance of an object.
4/23/2019 3:02:25 PM -> Object reference not set to an instance of an object.
4/23/2019 3:02:25 PM -> Object reference not set to an instance of an object.
4/23/2019 3:02:42 PM -> The operation is not allowed on non-connected sockets.
4/23/2019 3:02:53 PM -> Object reference not set to an instance of an object.
4/23/2019 3:02:53 PM -> Object reference not set to an instance of an object.
4/23/2019 3:02:59 PM -> The operation is not allowed on non-connected sockets.
4/23/2019 3:04:01 PM -> Object reference not set to an instance of an object.
4/23/2019 3:04:01 PM -> Object reference not set to an instance of an object.
4/23/2019 3:05:44 PM -> Object reference not set to an instance of an object.
4/23/2019 3:06:35 PM -> Object reference not set to an instance of an object.
4/23/2019 3:06:41 PM -> The operation is not allowed on non-connected sockets.
4/23/2019 3:07:03 PM -> Object reference not set to an instance of an object.
4/23/2019 3:07:16 PM -> The operation is not allowed on non-connected sockets.
4/23/2019 3:07:30 PM -> The process cannot access the file 'D:\VisualBasicProject\Centralize\ClientApp\ClientApp\bin\Debug\data\Settings.ini' because it is being used by another process.
4/23/2019 3:07:38 PM -> Object reference not set to an instance of an object.
4/23/2019 3:07:45 PM -> The operation is not allowed on non-connected sockets.
4/23/2019 3:17:35 PM -> Object reference not set to an instance of an object.
4/23/2019 3:20:33 PM -> Object reference not set to an instance of an object.
4/23/2019 3:21:05 PM -> The operation is not allowed on non-connected sockets.
4/23/2019 3:33:57 PM -> Object reference not set to an instance of an object.
4/23/2019 3:34:02 PM -> The operation is not allowed on non-connected sockets.
4/23/2019 3:34:52 PM -> Object reference not set to an instance of an object.
4/23/2019 3:35:08 PM -> The operation is not allowed on non-connected sockets.
4/23/2019 3:35:19 PM -> Stream was not writable.
4/23/2019 3:36:28 PM -> Object reference not set to an instance of an object.
4/23/2019 3:36:40 PM -> The operation is not allowed on non-connected sockets.
4/23/2019 3:36:47 PM -> Stream was not writable.
4/23/2019 3:37:50 PM -> Object reference not set to an instance of an object.
4/23/2019 3:37:57 PM -> The operation is not allowed on non-connected sockets.
4/23/2019 3:38:26 PM -> Object reference not set to an instance of an object.
4/23/2019 3:38:33 PM -> The operation is not allowed on non-connected sockets.
4/23/2019 3:40:14 PM -> Object reference not set to an instance of an object.
4/23/2019 3:40:53 PM -> The operation is not allowed on non-connected sockets.
4/23/2019 3:41:06 PM -> Object reference not set to an instance of an object.
4/23/2019 3:41:13 PM -> The operation is not allowed on non-connected sockets.
4/23/2019 3:41:19 PM -> The process cannot access the file 'D:\VisualBasicProject\Centralize\ClientApp\ClientApp\bin\Debug\data\Settings.ini' because it is being used by another process.
4/23/2019 3:41:30 PM -> Object reference not set to an instance of an object.
4/23/2019 3:41:37 PM -> The operation is not allowed on non-connected sockets.
4/23/2019 3:59:23 PM -> Object reference not set to an instance of an object.
4/23/2019 3:59:58 PM -> Object reference not set to an instance of an object.
4/23/2019 4:00:38 PM -> Object reference not set to an instance of an object.
4/23/2019 4:01:04 PM -> Object reference not set to an instance of an object.
4/23/2019 4:01:26 PM -> The operation is not allowed on non-connected sockets.
4/23/2019 4:01:29 PM -> The operation is not allowed on non-connected sockets.
4/23/2019 4:02:28 PM -> Object reference not set to an instance of an object.
4/23/2019 4:02:38 PM -> The operation is not allowed on non-connected sockets.
4/23/2019 4:02:41 PM -> The operation is not allowed on non-connected sockets.
4/23/2019 4:02:44 PM -> The operation is not allowed on non-connected sockets.
4/23/2019 4:02:48 PM -> The operation is not allowed on non-connected sockets.
4/23/2019 4:02:57 PM -> The operation is not allowed on non-connected sockets.
4/23/2019 4:03:35 PM -> Object reference not set to an instance of an object.
4/23/2019 4:04:39 PM -> Object reference not set to an instance of an object.
4/23/2019 4:05:07 PM -> Object reference not set to an instance of an object.
4/23/2019 4:06:03 PM -> The process cannot access the file 'D:\VisualBasicProject\Centralize\ClientApp\ClientApp\bin\Debug\data\Settings.ini' because it is being used by another process.
4/23/2019 4:06:05 PM -> Index was outside the bounds of the array.
4/23/2019 4:06:05 PM -> The process cannot access the file 'D:\VisualBasicProject\Centralize\ClientApp\ClientApp\bin\Debug\data\Settings.ini' because it is being used by another process.
4/23/2019 4:06:35 PM -> Object reference not set to an instance of an object.
4/23/2019 4:07:11 PM -> Object reference not set to an instance of an object.
4/23/2019 4:07:24 PM -> The process cannot access the file 'D:\VisualBasicProject\Centralize\ClientApp\ClientApp\bin\Debug\data\Settings.ini' because it is being used by another process.
4/23/2019 4:07:25 PM -> Index was outside the bounds of the array.
4/23/2019 4:07:26 PM -> The process cannot access the file 'D:\VisualBasicProject\Centralize\ClientApp\ClientApp\bin\Debug\data\Settings.ini' because it is being used by another process.
4/23/2019 4:07:52 PM -> Object reference not set to an instance of an object.
4/23/2019 4:07:53 PM -> The process cannot access the file 'D:\VisualBasicProject\Centralize\ClientApp\ClientApp\bin\Debug\data\Settings.ini' because it is being used by another process.
4/23/2019 4:07:55 PM -> Index was outside the bounds of the array.
4/23/2019 4:08:05 PM -> Index was outside the bounds of the array.
4/23/2019 4:08:08 PM -> The process cannot access the file 'D:\VisualBasicProject\Centralize\ClientApp\ClientApp\bin\Debug\data\Settings.ini' because it is being used by another process.
4/23/2019 4:08:17 PM -> Object reference not set to an instance of an object.
4/23/2019 4:08:19 PM -> The process cannot access the file 'D:\VisualBasicProject\Centralize\ClientApp\ClientApp\bin\Debug\data\Settings.ini' because it is being used by another process.
4/23/2019 4:08:38 PM -> Object reference not set to an instance of an object.
4/23/2019 4:08:41 PM -> The process cannot access the file 'D:\VisualBasicProject\Centralize\ClientApp\ClientApp\bin\Debug\data\Settings.ini' because it is being used by another process.
4/23/2019 4:08:45 PM -> Index was outside the bounds of the array.
4/23/2019 4:08:55 PM -> Index was outside the bounds of the array.
4/23/2019 4:09:02 PM -> Object reference not set to an instance of an object.
4/23/2019 4:09:05 PM -> Index was outside the bounds of the array.
4/23/2019 4:09:15 PM -> Index was outside the bounds of the array.
4/23/2019 4:09:25 PM -> Index was outside the bounds of the array.
4/23/2019 4:09:35 PM -> Index was outside the bounds of the array.
4/23/2019 4:10:05 PM -> Index was outside the bounds of the array.
4/23/2019 4:10:15 PM -> Index was outside the bounds of the array.
4/23/2019 4:10:25 PM -> Index was outside the bounds of the array.
4/23/2019 4:10:35 PM -> Index was outside the bounds of the array.
4/23/2019 4:10:45 PM -> Index was outside the bounds of the array.
4/23/2019 4:10:55 PM -> Index was outside the bounds of the array.
4/23/2019 4:11:05 PM -> Index was outside the bounds of the array.
4/23/2019 4:11:15 PM -> Index was outside the bounds of the array.
4/23/2019 4:11:25 PM -> Index was outside the bounds of the array.
4/23/2019 4:11:35 PM -> Index was outside the bounds of the array.
4/23/2019 4:11:45 PM -> Index was outside the bounds of the array.
4/23/2019 4:11:55 PM -> Index was outside the bounds of the array.
4/23/2019 4:12:05 PM -> Index was outside the bounds of the array.
4/23/2019 4:12:15 PM -> Index was outside the bounds of the array.
4/23/2019 4:12:47 PM -> Object reference not set to an instance of an object.
4/23/2019 4:12:55 PM -> Index was outside the bounds of the array.
4/23/2019 4:13:05 PM -> Index was outside the bounds of the array.
4/23/2019 4:13:15 PM -> Index was outside the bounds of the array.
4/23/2019 4:13:30 PM -> Object reference not set to an instance of an object.
4/23/2019 4:13:35 PM -> Index was outside the bounds of the array.
4/23/2019 4:13:45 PM -> Object reference not set to an instance of an object.
4/23/2019 4:13:45 PM -> Index was outside the bounds of the array.
4/23/2019 4:13:55 PM -> Index was outside the bounds of the array.
4/23/2019 4:14:05 PM -> Index was outside the bounds of the array.
4/23/2019 4:16:53 PM -> Object reference not set to an instance of an object.
4/23/2019 4:16:55 PM -> Index was outside the bounds of the array.
4/23/2019 4:17:05 PM -> Index was outside the bounds of the array.
4/23/2019 4:17:15 PM -> Index was outside the bounds of the array.
4/23/2019 4:17:25 PM -> Index was outside the bounds of the array.
4/23/2019 4:20:25 PM -> Object reference not set to an instance of an object.
4/23/2019 4:20:35 PM -> Index was outside the bounds of the array.
4/23/2019 4:21:27 PM -> Object reference not set to an instance of an object.
4/23/2019 4:21:35 PM -> Index was outside the bounds of the array.
4/23/2019 4:21:45 PM -> Index was outside the bounds of the array.
4/23/2019 4:21:55 PM -> Index was outside the bounds of the array.
4/23/2019 4:22:09 PM -> Object reference not set to an instance of an object.
4/23/2019 4:22:15 PM -> Index was outside the bounds of the array.
4/23/2019 4:22:25 PM -> Index was outside the bounds of the array.
4/23/2019 5:09:40 PM -> Object reference not set to an instance of an object.
4/23/2019 5:24:13 PM -> Object reference not set to an instance of an object.
4/23/2019 5:27:25 PM -> Object reference not set to an instance of an object.
4/23/2019 5:27:30 PM -> Object reference not set to an instance of an object.
4/23/2019 5:27:34 PM -> Object reference not set to an instance of an object.
4/23/2019 6:01:34 PM -> Object reference not set to an instance of an object.
4/23/2019 6:01:38 PM -> Object reference not set to an instance of an object.
4/23/2019 6:02:28 PM -> Object reference not set to an instance of an object.
4/23/2019 6:02:56 PM -> Object reference not set to an instance of an object.
4/23/2019 6:03:13 PM -> Object reference not set to an instance of an object.
4/23/2019 6:03:16 PM -> Object reference not set to an instance of an object.
4/23/2019 6:03:21 PM -> Object reference not set to an instance of an object.
