5/8/2019 12:24:49 AM -> Object reference not set to an instance of an object.
5/8/2019 12:24:57 AM -> Object reference not set to an instance of an object.
5/8/2019 12:25:19 AM -> The operation is not allowed on non-connected sockets.
5/8/2019 12:26:48 AM -> Object reference not set to an instance of an object.
5/8/2019 1:33:38 AM -> Object reference not set to an instance of an object.
5/8/2019 1:44:35 AM -> Object reference not set to an instance of an object.
5/8/2019 1:52:24 AM -> Object reference not set to an instance of an object.
5/8/2019 1:52:40 AM -> Object reference not set to an instance of an object.
5/8/2019 1:57:39 AM -> Object reference not set to an instance of an object.
5/8/2019 10:27:08 AM -> Object reference not set to an instance of an object.
5/8/2019 10:29:48 AM -> Object reference not set to an instance of an object.
5/8/2019 10:36:05 AM -> Object reference not set to an instance of an object.
5/8/2019 9:27:43 PM -> Object reference not set to an instance of an object.
5/8/2019 9:30:14 PM -> Object reference not set to an instance of an object.
5/8/2019 9:30:47 PM -> Object reference not set to an instance of an object.
5/8/2019 9:38:24 PM -> Object reference not set to an instance of an object.
5/8/2019 9:38:45 PM -> Object reference not set to an instance of an object.
5/8/2019 9:39:22 PM -> Procedure call or argument is not valid.
5/8/2019 9:39:22 PM -> Procedure call or argument is not valid.
5/8/2019 9:41:22 PM -> Object reference not set to an instance of an object.
5/8/2019 9:42:33 PM -> Object reference not set to an instance of an object.
5/8/2019 9:43:30 PM -> Object reference not set to an instance of an object.
5/8/2019 9:43:35 PM -> Index was outside the bounds of the array.
5/8/2019 9:43:45 PM -> Index was outside the bounds of the array.
